2025-09-12 11:19:31 [main] INFO  o.s.w.s.DispatcherServlet - Initializing Servlet 'dispatcher'
2025-09-12 11:19:32 [main] INFO  o.s.d.r.c.RepositoryConfigurationDelegate - Bootstrapping Spring Data JPA repositories in DEFAULT mode.
2025-09-12 11:19:32 [main] INFO  o.s.d.r.c.RepositoryConfigurationDelegate - Finished Spring Data repository scanning in 125 ms. Found 6 JPA repository interfaces.
2025-09-12 11:19:36 [main] INFO  o.s.o.j.LocalContainerEntityManagerFactoryBean - Initialized JPA EntityManagerFactory for persistence unit 'default'
2025-09-12 11:19:38 [main] INFO  o.s.s.c.TaskSchedulerRouter - No TaskScheduler/ScheduledExecutorService bean found for scheduled processing
2025-09-12 11:19:38 [main] INFO  o.s.w.s.DispatcherServlet - Completed initialization in 7225 ms
2025-09-12 11:22:13 [http-nio-8080-exec-4] INFO  c.s.a.S.CustomerServiceImp - Adding the Customer Detailscom.supermarketmanagement.api.Model.Custom.Customer.CustomerListDto@3ccf73dd
2025-09-12 11:54:35 [main] INFO  o.s.w.s.DispatcherServlet - Initializing Servlet 'dispatcher'
2025-09-12 11:54:36 [main] INFO  o.s.d.r.c.RepositoryConfigurationDelegate - Bootstrapping Spring Data JPA repositories in DEFAULT mode.
2025-09-12 11:54:36 [main] INFO  o.s.d.r.c.RepositoryConfigurationDelegate - Finished Spring Data repository scanning in 141 ms. Found 6 JPA repository interfaces.
2025-09-12 11:54:40 [main] INFO  o.s.o.j.LocalContainerEntityManagerFactoryBean - Initialized JPA EntityManagerFactory for persistence unit 'default'
2025-09-12 11:54:42 [main] INFO  o.s.s.c.TaskSchedulerRouter - No TaskScheduler/ScheduledExecutorService bean found for scheduled processing
2025-09-12 11:54:42 [main] INFO  o.s.w.s.DispatcherServlet - Completed initialization in 6972 ms
2025-09-12 11:55:02 [Catalina-utility-1] INFO  o.s.o.j.LocalContainerEntityManagerFactoryBean - Closing JPA EntityManagerFactory for persistence unit 'default'
2025-09-12 11:55:21 [Catalina-utility-1] INFO  o.s.w.s.DispatcherServlet - Initializing Servlet 'dispatcher'
2025-09-12 11:55:22 [Catalina-utility-1] INFO  o.s.d.r.c.RepositoryConfigurationDelegate - Bootstrapping Spring Data JPA repositories in DEFAULT mode.
2025-09-12 11:55:22 [Catalina-utility-1] INFO  o.s.d.r.c.RepositoryConfigurationDelegate - Finished Spring Data repository scanning in 184 ms. Found 6 JPA repository interfaces.
2025-09-12 11:55:28 [Catalina-utility-1] INFO  o.s.o.j.LocalContainerEntityManagerFactoryBean - Initialized JPA EntityManagerFactory for persistence unit 'default'
2025-09-12 11:55:32 [Catalina-utility-1] INFO  o.s.s.c.TaskSchedulerRouter - No TaskScheduler/ScheduledExecutorService bean found for scheduled processing
2025-09-12 11:55:32 [Catalina-utility-1] INFO  o.s.w.s.DispatcherServlet - Completed initialization in 10529 ms
2025-09-12 12:05:46 [Catalina-utility-2] INFO  o.s.o.j.LocalContainerEntityManagerFactoryBean - Closing JPA EntityManagerFactory for persistence unit 'default'
2025-09-12 12:06:08 [main] INFO  o.s.w.s.DispatcherServlet - Initializing Servlet 'dispatcher'
2025-09-12 12:06:09 [main] INFO  o.s.d.r.c.RepositoryConfigurationDelegate - Bootstrapping Spring Data JPA repositories in DEFAULT mode.
2025-09-12 12:06:09 [main] INFO  o.s.d.r.c.RepositoryConfigurationDelegate - Finished Spring Data repository scanning in 141 ms. Found 6 JPA repository interfaces.
2025-09-12 12:06:13 [main] INFO  o.s.o.j.LocalContainerEntityManagerFactoryBean - Initialized JPA EntityManagerFactory for persistence unit 'default'
2025-09-12 12:06:15 [main] INFO  o.s.s.c.TaskSchedulerRouter - No TaskScheduler/ScheduledExecutorService bean found for scheduled processing
2025-09-12 12:06:15 [main] INFO  o.s.w.s.DispatcherServlet - Completed initialization in 7125 ms
2025-09-12 12:10:08 [Catalina-utility-2] INFO  o.s.o.j.LocalContainerEntityManagerFactoryBean - Closing JPA EntityManagerFactory for persistence unit 'default'
2025-09-12 12:10:19 [Catalina-utility-2] INFO  o.s.w.s.DispatcherServlet - Initializing Servlet 'dispatcher'
2025-09-12 12:10:19 [Catalina-utility-2] INFO  o.s.d.r.c.RepositoryConfigurationDelegate - Bootstrapping Spring Data JPA repositories in DEFAULT mode.
2025-09-12 12:10:19 [Catalina-utility-2] INFO  o.s.d.r.c.RepositoryConfigurationDelegate - Finished Spring Data repository scanning in 91 ms. Found 6 JPA repository interfaces.
2025-09-12 12:10:23 [Catalina-utility-2] INFO  o.s.o.j.LocalContainerEntityManagerFactoryBean - Initialized JPA EntityManagerFactory for persistence unit 'default'
2025-09-12 12:10:24 [Catalina-utility-2] INFO  o.s.s.c.TaskSchedulerRouter - No TaskScheduler/ScheduledExecutorService bean found for scheduled processing
2025-09-12 12:10:24 [Catalina-utility-2] INFO  o.s.w.s.DispatcherServlet - Completed initialization in 5536 ms
2025-09-12 12:13:13 [Catalina-utility-1] INFO  o.s.o.j.LocalContainerEntityManagerFactoryBean - Closing JPA EntityManagerFactory for persistence unit 'default'
2025-09-12 12:13:25 [Catalina-utility-1] INFO  o.s.w.s.DispatcherServlet - Initializing Servlet 'dispatcher'
2025-09-12 12:13:26 [Catalina-utility-1] INFO  o.s.d.r.c.RepositoryConfigurationDelegate - Bootstrapping Spring Data JPA repositories in DEFAULT mode.
2025-09-12 12:13:27 [Catalina-utility-1] INFO  o.s.d.r.c.RepositoryConfigurationDelegate - Finished Spring Data repository scanning in 232 ms. Found 6 JPA repository interfaces.
2025-09-12 12:13:32 [Catalina-utility-1] INFO  o.s.o.j.LocalContainerEntityManagerFactoryBean - Initialized JPA EntityManagerFactory for persistence unit 'default'
2025-09-12 12:13:34 [Catalina-utility-1] INFO  o.s.s.c.TaskSchedulerRouter - No TaskScheduler/ScheduledExecutorService bean found for scheduled processing
2025-09-12 12:13:34 [Catalina-utility-1] INFO  o.s.w.s.DispatcherServlet - Completed initialization in 8578 ms
2025-09-12 12:14:04 [Catalina-utility-2] INFO  o.s.o.j.LocalContainerEntityManagerFactoryBean - Closing JPA EntityManagerFactory for persistence unit 'default'
2025-09-12 12:14:20 [Catalina-utility-2] INFO  o.s.w.s.DispatcherServlet - Initializing Servlet 'dispatcher'
2025-09-12 12:14:21 [Catalina-utility-2] INFO  o.s.d.r.c.RepositoryConfigurationDelegate - Bootstrapping Spring Data JPA repositories in DEFAULT mode.
2025-09-12 12:14:21 [Catalina-utility-2] INFO  o.s.d.r.c.RepositoryConfigurationDelegate - Finished Spring Data repository scanning in 184 ms. Found 6 JPA repository interfaces.
2025-09-12 12:14:27 [Catalina-utility-2] INFO  o.s.o.j.LocalContainerEntityManagerFactoryBean - Initialized JPA EntityManagerFactory for persistence unit 'default'
2025-09-12 12:14:30 [Catalina-utility-2] INFO  o.s.s.c.TaskSchedulerRouter - No TaskScheduler/ScheduledExecutorService bean found for scheduled processing
2025-09-12 12:14:30 [Catalina-utility-2] INFO  o.s.w.s.DispatcherServlet - Completed initialization in 10352 ms
2025-09-12 12:15:23 [Catalina-utility-2] INFO  o.s.o.j.LocalContainerEntityManagerFactoryBean - Closing JPA EntityManagerFactory for persistence unit 'default'
2025-09-12 12:15:33 [Catalina-utility-2] INFO  o.s.w.s.DispatcherServlet - Initializing Servlet 'dispatcher'
2025-09-12 12:15:34 [Catalina-utility-2] INFO  o.s.d.r.c.RepositoryConfigurationDelegate - Bootstrapping Spring Data JPA repositories in DEFAULT mode.
2025-09-12 12:15:34 [Catalina-utility-2] INFO  o.s.d.r.c.RepositoryConfigurationDelegate - Finished Spring Data repository scanning in 79 ms. Found 6 JPA repository interfaces.
2025-09-12 12:15:37 [Catalina-utility-2] INFO  o.s.o.j.LocalContainerEntityManagerFactoryBean - Initialized JPA EntityManagerFactory for persistence unit 'default'
2025-09-12 12:15:39 [Catalina-utility-2] INFO  o.s.s.c.TaskSchedulerRouter - No TaskScheduler/ScheduledExecutorService bean found for scheduled processing
2025-09-12 12:15:39 [Catalina-utility-2] INFO  o.s.w.s.DispatcherServlet - Completed initialization in 5629 ms
2025-09-12 12:15:45 [http-nio-8080-exec-11] WARN  o.s.w.s.m.s.DefaultHandlerExceptionResolver - Resolved [org.springframework.http.converter.HttpMessageNotWritableException: Could not write JSON: Session/EntityManager is closed]
2025-09-12 12:16:09 [http-nio-8080-exec-8] WARN  o.s.w.s.m.s.DefaultHandlerExceptionResolver - Resolved [org.springframework.http.converter.HttpMessageNotWritableException: Could not write JSON: Session/EntityManager is closed]
2025-09-12 12:16:34 [main] INFO  o.s.w.s.DispatcherServlet - Initializing Servlet 'dispatcher'
2025-09-12 12:16:35 [main] INFO  o.s.d.r.c.RepositoryConfigurationDelegate - Bootstrapping Spring Data JPA repositories in DEFAULT mode.
2025-09-12 12:16:35 [main] INFO  o.s.d.r.c.RepositoryConfigurationDelegate - Finished Spring Data repository scanning in 126 ms. Found 6 JPA repository interfaces.
2025-09-12 12:16:39 [main] INFO  o.s.o.j.LocalContainerEntityManagerFactoryBean - Initialized JPA EntityManagerFactory for persistence unit 'default'
2025-09-12 12:16:41 [main] INFO  o.s.s.c.TaskSchedulerRouter - No TaskScheduler/ScheduledExecutorService bean found for scheduled processing
2025-09-12 12:16:41 [main] INFO  o.s.w.s.DispatcherServlet - Completed initialization in 6854 ms
2025-09-12 12:16:48 [http-nio-8080-exec-2] WARN  o.s.w.s.m.s.DefaultHandlerExceptionResolver - Resolved [org.springframework.http.converter.HttpMessageNotWritableException: Could not write JSON: Session/EntityManager is closed]
2025-09-12 12:18:13 [main] INFO  o.s.w.s.DispatcherServlet - Initializing Servlet 'dispatcher'
2025-09-12 12:18:14 [main] INFO  o.s.d.r.c.RepositoryConfigurationDelegate - Bootstrapping Spring Data JPA repositories in DEFAULT mode.
2025-09-12 12:18:14 [main] INFO  o.s.d.r.c.RepositoryConfigurationDelegate - Finished Spring Data repository scanning in 160 ms. Found 6 JPA repository interfaces.
2025-09-12 12:18:18 [main] INFO  o.s.o.j.LocalContainerEntityManagerFactoryBean - Initialized JPA EntityManagerFactory for persistence unit 'default'
2025-09-12 12:18:20 [main] INFO  o.s.s.c.TaskSchedulerRouter - No TaskScheduler/ScheduledExecutorService bean found for scheduled processing
2025-09-12 12:18:20 [main] INFO  o.s.w.s.DispatcherServlet - Completed initialization in 7078 ms
2025-09-12 12:18:27 [http-nio-8080-exec-5] WARN  o.s.w.s.m.s.DefaultHandlerExceptionResolver - Resolved [org.springframework.http.converter.HttpMessageNotWritableException: Could not write JSON: Session/EntityManager is closed]
2025-09-12 12:20:25 [main] INFO  o.s.w.s.DispatcherServlet - Initializing Servlet 'dispatcher'
2025-09-12 12:20:25 [main] INFO  o.s.d.r.c.RepositoryConfigurationDelegate - Bootstrapping Spring Data JPA repositories in DEFAULT mode.
2025-09-12 12:20:26 [main] INFO  o.s.d.r.c.RepositoryConfigurationDelegate - Finished Spring Data repository scanning in 158 ms. Found 6 JPA repository interfaces.
2025-09-12 12:20:30 [main] INFO  o.s.o.j.LocalContainerEntityManagerFactoryBean - Initialized JPA EntityManagerFactory for persistence unit 'default'
2025-09-12 12:20:32 [main] INFO  o.s.s.c.TaskSchedulerRouter - No TaskScheduler/ScheduledExecutorService bean found for scheduled processing
2025-09-12 12:20:32 [main] INFO  o.s.w.s.DispatcherServlet - Completed initialization in 6963 ms
2025-09-12 12:20:39 [http-nio-8080-exec-1] WARN  o.s.w.s.m.s.DefaultHandlerExceptionResolver - Resolved [org.springframework.http.converter.HttpMessageNotWritableException: Could not write JSON: Session/EntityManager is closed]
2025-09-12 12:21:11 [http-nio-8080-exec-4] WARN  o.s.w.s.m.s.DefaultHandlerExceptionResolver - Resolved [org.springframework.http.converter.HttpMessageNotWritableException: Could not write JSON: Session/EntityManager is closed]
2025-09-12 12:21:15 [http-nio-8080-exec-7] WARN  o.s.w.s.m.s.DefaultHandlerExceptionResolver - Resolved [org.springframework.http.converter.HttpMessageNotWritableException: Could not write JSON: Session/EntityManager is closed]
2025-09-12 12:22:26 [Catalina-utility-2] INFO  o.s.o.j.LocalContainerEntityManagerFactoryBean - Closing JPA EntityManagerFactory for persistence unit 'default'
2025-09-12 12:22:37 [Catalina-utility-2] INFO  o.s.w.s.DispatcherServlet - Initializing Servlet 'dispatcher'
2025-09-12 12:22:38 [Catalina-utility-2] INFO  o.s.d.r.c.RepositoryConfigurationDelegate - Bootstrapping Spring Data JPA repositories in DEFAULT mode.
2025-09-12 12:22:38 [Catalina-utility-2] INFO  o.s.d.r.c.RepositoryConfigurationDelegate - Finished Spring Data repository scanning in 202 ms. Found 6 JPA repository interfaces.
2025-09-12 12:22:45 [Catalina-utility-2] INFO  o.s.o.j.LocalContainerEntityManagerFactoryBean - Initialized JPA EntityManagerFactory for persistence unit 'default'
2025-09-12 12:22:49 [Catalina-utility-2] INFO  o.s.s.c.TaskSchedulerRouter - No TaskScheduler/ScheduledExecutorService bean found for scheduled processing
2025-09-12 12:22:49 [Catalina-utility-2] INFO  o.s.w.s.DispatcherServlet - Completed initialization in 11581 ms
2025-09-12 12:25:00 [Catalina-utility-2] INFO  o.s.o.j.LocalContainerEntityManagerFactoryBean - Closing JPA EntityManagerFactory for persistence unit 'default'
2025-09-12 12:25:10 [Catalina-utility-2] INFO  o.s.w.s.DispatcherServlet - Initializing Servlet 'dispatcher'
2025-09-12 12:25:10 [Catalina-utility-2] INFO  o.s.d.r.c.RepositoryConfigurationDelegate - Bootstrapping Spring Data JPA repositories in DEFAULT mode.
2025-09-12 12:25:11 [Catalina-utility-2] INFO  o.s.d.r.c.RepositoryConfigurationDelegate - Finished Spring Data repository scanning in 88 ms. Found 6 JPA repository interfaces.
2025-09-12 12:25:14 [Catalina-utility-2] INFO  o.s.o.j.LocalContainerEntityManagerFactoryBean - Initialized JPA EntityManagerFactory for persistence unit 'default'
2025-09-12 12:25:15 [Catalina-utility-2] INFO  o.s.s.c.TaskSchedulerRouter - No TaskScheduler/ScheduledExecutorService bean found for scheduled processing
2025-09-12 12:25:15 [Catalina-utility-2] INFO  o.s.w.s.DispatcherServlet - Completed initialization in 5259 ms
2025-09-12 12:30:05 [Catalina-utility-1] INFO  o.s.o.j.LocalContainerEntityManagerFactoryBean - Closing JPA EntityManagerFactory for persistence unit 'default'
2025-09-12 12:30:18 [Catalina-utility-1] INFO  o.s.w.s.DispatcherServlet - Initializing Servlet 'dispatcher'
2025-09-12 12:30:18 [Catalina-utility-1] INFO  o.s.d.r.c.RepositoryConfigurationDelegate - Bootstrapping Spring Data JPA repositories in DEFAULT mode.
2025-09-12 12:30:18 [Catalina-utility-1] INFO  o.s.d.r.c.RepositoryConfigurationDelegate - Finished Spring Data repository scanning in 87 ms. Found 6 JPA repository interfaces.
2025-09-12 12:30:21 [Catalina-utility-1] INFO  o.s.o.j.LocalContainerEntityManagerFactoryBean - Initialized JPA EntityManagerFactory for persistence unit 'default'
2025-09-12 12:30:23 [Catalina-utility-1] INFO  o.s.s.c.TaskSchedulerRouter - No TaskScheduler/ScheduledExecutorService bean found for scheduled processing
2025-09-12 12:30:23 [Catalina-utility-1] INFO  o.s.w.s.DispatcherServlet - Completed initialization in 5350 ms
2025-09-12 12:42:10 [Catalina-utility-1] INFO  o.s.o.j.LocalContainerEntityManagerFactoryBean - Closing JPA EntityManagerFactory for persistence unit 'default'
2025-09-12 12:42:20 [Catalina-utility-1] INFO  o.s.w.s.DispatcherServlet - Initializing Servlet 'dispatcher'
2025-09-12 12:42:21 [Catalina-utility-1] INFO  o.s.d.r.c.RepositoryConfigurationDelegate - Bootstrapping Spring Data JPA repositories in DEFAULT mode.
2025-09-12 12:42:21 [Catalina-utility-1] INFO  o.s.d.r.c.RepositoryConfigurationDelegate - Finished Spring Data repository scanning in 83 ms. Found 6 JPA repository interfaces.
2025-09-12 12:42:24 [Catalina-utility-1] INFO  o.s.o.j.LocalContainerEntityManagerFactoryBean - Initialized JPA EntityManagerFactory for persistence unit 'default'
2025-09-12 12:42:26 [Catalina-utility-1] INFO  o.s.s.c.TaskSchedulerRouter - No TaskScheduler/ScheduledExecutorService bean found for scheduled processing
2025-09-12 12:42:26 [Catalina-utility-1] INFO  o.s.w.s.DispatcherServlet - Completed initialization in 6177 ms
2025-09-12 12:44:43 [Catalina-utility-2] INFO  o.s.o.j.LocalContainerEntityManagerFactoryBean - Closing JPA EntityManagerFactory for persistence unit 'default'
2025-09-12 12:44:54 [Catalina-utility-2] INFO  o.s.w.s.DispatcherServlet - Initializing Servlet 'dispatcher'
2025-09-12 12:44:54 [Catalina-utility-2] INFO  o.s.d.r.c.RepositoryConfigurationDelegate - Bootstrapping Spring Data JPA repositories in DEFAULT mode.
2025-09-12 12:44:55 [Catalina-utility-2] INFO  o.s.d.r.c.RepositoryConfigurationDelegate - Finished Spring Data repository scanning in 104 ms. Found 6 JPA repository interfaces.
2025-09-12 12:44:58 [Catalina-utility-2] INFO  o.s.o.j.LocalContainerEntityManagerFactoryBean - Initialized JPA EntityManagerFactory for persistence unit 'default'
2025-09-12 12:44:59 [Catalina-utility-2] INFO  o.s.s.c.TaskSchedulerRouter - No TaskScheduler/ScheduledExecutorService bean found for scheduled processing
2025-09-12 12:44:59 [Catalina-utility-2] INFO  o.s.w.s.DispatcherServlet - Completed initialization in 5256 ms
2025-09-12 12:46:54 [Catalina-utility-1] INFO  o.s.o.j.LocalContainerEntityManagerFactoryBean - Closing JPA EntityManagerFactory for persistence unit 'default'
2025-09-12 12:47:04 [Catalina-utility-1] INFO  o.s.w.s.DispatcherServlet - Initializing Servlet 'dispatcher'
2025-09-12 12:47:04 [Catalina-utility-1] INFO  o.s.d.r.c.RepositoryConfigurationDelegate - Bootstrapping Spring Data JPA repositories in DEFAULT mode.
2025-09-12 12:47:04 [Catalina-utility-1] INFO  o.s.d.r.c.RepositoryConfigurationDelegate - Finished Spring Data repository scanning in 84 ms. Found 6 JPA repository interfaces.
2025-09-12 12:47:07 [Catalina-utility-1] INFO  o.s.o.j.LocalContainerEntityManagerFactoryBean - Initialized JPA EntityManagerFactory for persistence unit 'default'
2025-09-12 12:47:09 [Catalina-utility-1] INFO  o.s.s.c.TaskSchedulerRouter - No TaskScheduler/ScheduledExecutorService bean found for scheduled processing
2025-09-12 12:47:09 [Catalina-utility-1] INFO  o.s.w.s.DispatcherServlet - Completed initialization in 5299 ms
2025-09-12 13:11:11 [main] INFO  o.s.w.s.DispatcherServlet - Initializing Servlet 'dispatcher'
2025-09-12 13:11:12 [main] INFO  o.s.d.r.c.RepositoryConfigurationDelegate - Bootstrapping Spring Data JPA repositories in DEFAULT mode.
2025-09-12 13:11:12 [main] INFO  o.s.d.r.c.RepositoryConfigurationDelegate - Finished Spring Data repository scanning in 131 ms. Found 6 JPA repository interfaces.
2025-09-12 13:11:16 [main] INFO  o.s.o.j.LocalContainerEntityManagerFactoryBean - Initialized JPA EntityManagerFactory for persistence unit 'default'
2025-09-12 13:11:18 [main] INFO  o.s.s.c.TaskSchedulerRouter - No TaskScheduler/ScheduledExecutorService bean found for scheduled processing
2025-09-12 13:11:18 [main] INFO  o.s.w.s.DispatcherServlet - Completed initialization in 6874 ms
2025-09-12 13:13:49 [http-nio-8080-exec-8] INFO  c.s.a.S.CustomerServiceImp - Adding the Customer Detailscom.supermarketmanagement.api.Model.Custom.Customer.CustomerListDto@6c8e513c
2025-09-12 17:40:37 [main] INFO  o.s.w.s.DispatcherServlet - Initializing Servlet 'dispatcher'
2025-09-12 17:40:38 [main] INFO  o.s.d.r.c.RepositoryConfigurationDelegate - Bootstrapping Spring Data JPA repositories in DEFAULT mode.
2025-09-12 17:40:38 [main] INFO  o.s.d.r.c.RepositoryConfigurationDelegate - Finished Spring Data repository scanning in 136 ms. Found 7 JPA repository interfaces.
2025-09-12 17:40:43 [main] INFO  o.s.o.j.LocalContainerEntityManagerFactoryBean - Initialized JPA EntityManagerFactory for persistence unit 'default'
2025-09-12 17:40:45 [main] INFO  o.s.s.c.TaskSchedulerRouter - No TaskScheduler/ScheduledExecutorService bean found for scheduled processing
2025-09-12 17:40:45 [main] INFO  o.s.w.s.DispatcherServlet - Completed initialization in 8241 ms
2025-09-12 17:47:43 [http-nio-8080-exec-4] INFO  c.s.a.S.CustomerServiceImp - Adding the Customer Detailscom.supermarketmanagement.api.Model.Custom.Customer.CustomerListDto@c3c050e
2025-09-12 17:50:23 [http-nio-8080-exec-8] WARN  o.s.w.s.m.s.DefaultHandlerExceptionResolver - Resolved [org.springframework.http.converter.HttpMessageNotReadableException: Required request body is missing: public org.springframework.http.ResponseEntity<?> com.supermarketmanagement.api.Restcontroller.SupplierDetailsRestcontroller.getSuppliersDetails(com.supermarketmanagement.api.Model.Custom.CommonListRequestModel)]
2025-09-12 17:51:48 [Catalina-utility-1] INFO  o.s.o.j.LocalContainerEntityManagerFactoryBean - Closing JPA EntityManagerFactory for persistence unit 'default'
2025-09-12 17:51:59 [Catalina-utility-1] INFO  o.s.w.s.DispatcherServlet - Initializing Servlet 'dispatcher'
2025-09-12 17:51:59 [Catalina-utility-1] INFO  o.s.d.r.c.RepositoryConfigurationDelegate - Bootstrapping Spring Data JPA repositories in DEFAULT mode.
2025-09-12 17:51:59 [Catalina-utility-1] INFO  o.s.d.r.c.RepositoryConfigurationDelegate - Finished Spring Data repository scanning in 99 ms. Found 7 JPA repository interfaces.
2025-09-12 17:52:04 [Catalina-utility-1] INFO  o.s.o.j.LocalContainerEntityManagerFactoryBean - Initialized JPA EntityManagerFactory for persistence unit 'default'
2025-09-12 17:52:06 [Catalina-utility-1] INFO  o.s.s.c.TaskSchedulerRouter - No TaskScheduler/ScheduledExecutorService bean found for scheduled processing
2025-09-12 17:52:06 [Catalina-utility-1] INFO  o.s.w.s.DispatcherServlet - Completed initialization in 6891 ms
2025-09-12 17:53:19 [Catalina-utility-2] INFO  o.s.o.j.LocalContainerEntityManagerFactoryBean - Closing JPA EntityManagerFactory for persistence unit 'default'
2025-09-12 17:53:29 [Catalina-utility-2] INFO  o.s.w.s.DispatcherServlet - Initializing Servlet 'dispatcher'
2025-09-12 17:53:30 [Catalina-utility-2] INFO  o.s.d.r.c.RepositoryConfigurationDelegate - Bootstrapping Spring Data JPA repositories in DEFAULT mode.
2025-09-12 17:53:30 [Catalina-utility-2] INFO  o.s.d.r.c.RepositoryConfigurationDelegate - Finished Spring Data repository scanning in 88 ms. Found 7 JPA repository interfaces.
2025-09-12 17:53:34 [Catalina-utility-2] INFO  o.s.o.j.LocalContainerEntityManagerFactoryBean - Initialized JPA EntityManagerFactory for persistence unit 'default'
2025-09-12 17:53:35 [Catalina-utility-2] INFO  o.s.s.c.TaskSchedulerRouter - No TaskScheduler/ScheduledExecutorService bean found for scheduled processing
2025-09-12 17:53:35 [Catalina-utility-2] INFO  o.s.w.s.DispatcherServlet - Completed initialization in 6166 ms
2025-09-12 17:54:01 [Catalina-utility-2] INFO  o.s.o.j.LocalContainerEntityManagerFactoryBean - Closing JPA EntityManagerFactory for persistence unit 'default'
2025-09-12 17:54:18 [Catalina-utility-2] INFO  o.s.w.s.DispatcherServlet - Initializing Servlet 'dispatcher'
2025-09-12 17:54:20 [Catalina-utility-2] INFO  o.s.d.r.c.RepositoryConfigurationDelegate - Bootstrapping Spring Data JPA repositories in DEFAULT mode.
2025-09-12 17:54:20 [Catalina-utility-2] INFO  o.s.d.r.c.RepositoryConfigurationDelegate - Finished Spring Data repository scanning in 183 ms. Found 7 JPA repository interfaces.
2025-09-12 17:54:26 [Catalina-utility-2] INFO  o.s.o.j.LocalContainerEntityManagerFactoryBean - Initialized JPA EntityManagerFactory for persistence unit 'default'
2025-09-12 17:54:29 [Catalina-utility-2] INFO  o.s.s.c.TaskSchedulerRouter - No TaskScheduler/ScheduledExecutorService bean found for scheduled processing
2025-09-12 17:54:29 [Catalina-utility-2] INFO  o.s.w.s.DispatcherServlet - Completed initialization in 10602 ms
2025-09-12 17:55:04 [http-nio-8080-exec-3] INFO  c.s.a.S.CustomerServiceImp - Adding the Customer Detailscom.supermarketmanagement.api.Model.Custom.Customer.CustomerListDto@1be7c4f8
2025-09-15 09:41:47 [main] INFO  o.s.w.s.DispatcherServlet - Initializing Servlet 'dispatcher'
2025-09-15 09:41:49 [main] INFO  o.s.d.r.c.RepositoryConfigurationDelegate - Bootstrapping Spring Data JPA repositories in DEFAULT mode.
2025-09-15 09:41:49 [main] INFO  o.s.d.r.c.RepositoryConfigurationDelegate - Finished Spring Data repository scanning in 244 ms. Found 7 JPA repository interfaces.
2025-09-15 09:41:57 [main] INFO  o.s.o.j.LocalContainerEntityManagerFactoryBean - Initialized JPA EntityManagerFactory for persistence unit 'default'
2025-09-15 09:42:00 [main] INFO  o.s.s.c.TaskSchedulerRouter - No TaskScheduler/ScheduledExecutorService bean found for scheduled processing
2025-09-15 09:42:00 [main] INFO  o.s.w.s.DispatcherServlet - Completed initialization in 12690 ms
2025-09-15 09:45:47 [Catalina-utility-1] INFO  o.s.o.j.LocalContainerEntityManagerFactoryBean - Closing JPA EntityManagerFactory for persistence unit 'default'
2025-09-15 09:45:56 [Catalina-utility-1] INFO  o.s.w.s.DispatcherServlet - Initializing Servlet 'dispatcher'
2025-09-15 09:45:57 [Catalina-utility-1] INFO  o.s.d.r.c.RepositoryConfigurationDelegate - Bootstrapping Spring Data JPA repositories in DEFAULT mode.
2025-09-15 09:45:57 [Catalina-utility-1] INFO  o.s.d.r.c.RepositoryConfigurationDelegate - Finished Spring Data repository scanning in 101 ms. Found 7 JPA repository interfaces.
2025-09-15 09:46:00 [Catalina-utility-1] INFO  o.s.o.j.LocalContainerEntityManagerFactoryBean - Initialized JPA EntityManagerFactory for persistence unit 'default'
2025-09-15 09:46:02 [Catalina-utility-1] INFO  o.s.s.c.TaskSchedulerRouter - No TaskScheduler/ScheduledExecutorService bean found for scheduled processing
2025-09-15 09:46:02 [Catalina-utility-1] INFO  o.s.w.s.DispatcherServlet - Completed initialization in 5324 ms
2025-09-15 09:48:30 [Catalina-utility-1] INFO  o.s.o.j.LocalContainerEntityManagerFactoryBean - Closing JPA EntityManagerFactory for persistence unit 'default'
2025-09-15 09:48:40 [Catalina-utility-1] INFO  o.s.w.s.DispatcherServlet - Initializing Servlet 'dispatcher'
2025-09-15 09:48:40 [Catalina-utility-1] INFO  o.s.d.r.c.RepositoryConfigurationDelegate - Bootstrapping Spring Data JPA repositories in DEFAULT mode.
2025-09-15 09:48:40 [Catalina-utility-1] INFO  o.s.d.r.c.RepositoryConfigurationDelegate - Finished Spring Data repository scanning in 93 ms. Found 7 JPA repository interfaces.
2025-09-15 09:48:44 [Catalina-utility-1] INFO  o.s.o.j.LocalContainerEntityManagerFactoryBean - Initialized JPA EntityManagerFactory for persistence unit 'default'
2025-09-15 09:48:45 [Catalina-utility-1] INFO  o.s.s.c.TaskSchedulerRouter - No TaskScheduler/ScheduledExecutorService bean found for scheduled processing
2025-09-15 09:48:45 [Catalina-utility-1] INFO  o.s.w.s.DispatcherServlet - Completed initialization in 5528 ms
2025-09-15 09:50:09 [Catalina-utility-1] INFO  o.s.o.j.LocalContainerEntityManagerFactoryBean - Closing JPA EntityManagerFactory for persistence unit 'default'
2025-09-15 09:50:19 [Catalina-utility-1] INFO  o.s.w.s.DispatcherServlet - Initializing Servlet 'dispatcher'
2025-09-15 09:50:20 [Catalina-utility-1] INFO  o.s.d.r.c.RepositoryConfigurationDelegate - Bootstrapping Spring Data JPA repositories in DEFAULT mode.
2025-09-15 09:50:20 [Catalina-utility-1] INFO  o.s.d.r.c.RepositoryConfigurationDelegate - Finished Spring Data repository scanning in 94 ms. Found 7 JPA repository interfaces.
2025-09-15 09:50:23 [Catalina-utility-1] INFO  o.s.o.j.LocalContainerEntityManagerFactoryBean - Initialized JPA EntityManagerFactory for persistence unit 'default'
2025-09-15 09:50:24 [Catalina-utility-1] INFO  o.s.s.c.TaskSchedulerRouter - No TaskScheduler/ScheduledExecutorService bean found for scheduled processing
2025-09-15 09:50:24 [Catalina-utility-1] INFO  o.s.w.s.DispatcherServlet - Completed initialization in 5475 ms
2025-09-15 09:51:13 [Catalina-utility-2] INFO  o.s.o.j.LocalContainerEntityManagerFactoryBean - Closing JPA EntityManagerFactory for persistence unit 'default'
2025-09-15 09:51:22 [Catalina-utility-2] INFO  o.s.w.s.DispatcherServlet - Initializing Servlet 'dispatcher'
2025-09-15 09:51:23 [Catalina-utility-2] INFO  o.s.d.r.c.RepositoryConfigurationDelegate - Bootstrapping Spring Data JPA repositories in DEFAULT mode.
2025-09-15 09:51:23 [Catalina-utility-2] INFO  o.s.d.r.c.RepositoryConfigurationDelegate - Finished Spring Data repository scanning in 81 ms. Found 7 JPA repository interfaces.
2025-09-15 09:51:26 [Catalina-utility-2] INFO  o.s.o.j.LocalContainerEntityManagerFactoryBean - Initialized JPA EntityManagerFactory for persistence unit 'default'
2025-09-15 09:51:28 [Catalina-utility-2] INFO  o.s.s.c.TaskSchedulerRouter - No TaskScheduler/ScheduledExecutorService bean found for scheduled processing
2025-09-15 09:51:28 [Catalina-utility-2] INFO  o.s.w.s.DispatcherServlet - Completed initialization in 5445 ms
2025-09-15 09:53:35 [Catalina-utility-2] INFO  o.s.o.j.LocalContainerEntityManagerFactoryBean - Closing JPA EntityManagerFactory for persistence unit 'default'
2025-09-15 09:53:45 [Catalina-utility-2] INFO  o.s.w.s.DispatcherServlet - Initializing Servlet 'dispatcher'
2025-09-15 09:53:45 [Catalina-utility-2] INFO  o.s.d.r.c.RepositoryConfigurationDelegate - Bootstrapping Spring Data JPA repositories in DEFAULT mode.
2025-09-15 09:53:45 [Catalina-utility-2] INFO  o.s.d.r.c.RepositoryConfigurationDelegate - Finished Spring Data repository scanning in 81 ms. Found 7 JPA repository interfaces.
2025-09-15 09:53:48 [Catalina-utility-2] INFO  o.s.o.j.LocalContainerEntityManagerFactoryBean - Initialized JPA EntityManagerFactory for persistence unit 'default'
2025-09-15 09:53:50 [Catalina-utility-2] INFO  o.s.s.c.TaskSchedulerRouter - No TaskScheduler/ScheduledExecutorService bean found for scheduled processing
2025-09-15 09:53:50 [Catalina-utility-2] INFO  o.s.w.s.DispatcherServlet - Completed initialization in 5259 ms
2025-09-15 10:34:15 [main] INFO  o.s.w.s.DispatcherServlet - Initializing Servlet 'dispatcher'
2025-09-15 10:34:15 [main] INFO  o.s.d.r.c.RepositoryConfigurationDelegate - Bootstrapping Spring Data JPA repositories in DEFAULT mode.
2025-09-15 10:34:15 [main] INFO  o.s.d.r.c.RepositoryConfigurationDelegate - Finished Spring Data repository scanning in 137 ms. Found 7 JPA repository interfaces.
2025-09-15 10:34:19 [main] INFO  o.s.o.j.LocalContainerEntityManagerFactoryBean - Initialized JPA EntityManagerFactory for persistence unit 'default'
2025-09-15 10:34:21 [main] INFO  o.s.s.c.TaskSchedulerRouter - No TaskScheduler/ScheduledExecutorService bean found for scheduled processing
2025-09-15 10:34:21 [main] INFO  o.s.w.s.DispatcherServlet - Completed initialization in 6786 ms
2025-09-15 10:39:37 [http-nio-8080-exec-4] INFO  c.s.a.S.CustomerServiceImp - Request received to add or update customer: com.supermarketmanagement.api.Model.Custom.Customer.CustomerListDto@69b1976b
2025-09-15 10:39:38 [http-nio-8080-exec-4] INFO  c.s.a.S.CustomerServiceImp - New customer added with ID: 2
2025-09-15 10:43:34 [http-nio-8080-exec-1] WARN  o.s.w.s.m.s.DefaultHandlerExceptionResolver - Resolved [org.springframework.web.HttpRequestMethodNotSupportedException: Request method 'GET' is not supported]
2025-09-15 10:48:53 [main] INFO  o.s.w.s.DispatcherServlet - Initializing Servlet 'dispatcher'
2025-09-15 10:48:53 [main] INFO  o.s.d.r.c.RepositoryConfigurationDelegate - Bootstrapping Spring Data JPA repositories in DEFAULT mode.
2025-09-15 10:48:54 [main] INFO  o.s.d.r.c.RepositoryConfigurationDelegate - Finished Spring Data repository scanning in 162 ms. Found 7 JPA repository interfaces.
2025-09-15 10:48:58 [main] INFO  o.s.o.j.LocalContainerEntityManagerFactoryBean - Initialized JPA EntityManagerFactory for persistence unit 'default'
2025-09-15 10:49:00 [main] INFO  o.s.s.c.TaskSchedulerRouter - No TaskScheduler/ScheduledExecutorService bean found for scheduled processing
2025-09-15 10:49:00 [main] INFO  o.s.w.s.DispatcherServlet - Completed initialization in 7111 ms
2025-09-15 10:52:21 [Catalina-utility-2] INFO  o.s.o.j.LocalContainerEntityManagerFactoryBean - Closing JPA EntityManagerFactory for persistence unit 'default'
2025-09-15 10:52:30 [Catalina-utility-2] INFO  o.s.w.s.DispatcherServlet - Initializing Servlet 'dispatcher'
2025-09-15 10:52:31 [Catalina-utility-2] INFO  o.s.d.r.c.RepositoryConfigurationDelegate - Bootstrapping Spring Data JPA repositories in DEFAULT mode.
2025-09-15 10:52:31 [Catalina-utility-2] INFO  o.s.d.r.c.RepositoryConfigurationDelegate - Finished Spring Data repository scanning in 96 ms. Found 7 JPA repository interfaces.
2025-09-15 10:52:34 [Catalina-utility-2] INFO  o.s.o.j.LocalContainerEntityManagerFactoryBean - Initialized JPA EntityManagerFactory for persistence unit 'default'
2025-09-15 10:52:36 [Catalina-utility-2] INFO  o.s.s.c.TaskSchedulerRouter - No TaskScheduler/ScheduledExecutorService bean found for scheduled processing
2025-09-15 10:52:36 [Catalina-utility-2] INFO  o.s.w.s.DispatcherServlet - Completed initialization in 5672 ms
2025-09-15 10:55:51 [Catalina-utility-2] INFO  o.s.o.j.LocalContainerEntityManagerFactoryBean - Closing JPA EntityManagerFactory for persistence unit 'default'
2025-09-15 10:56:00 [Catalina-utility-2] INFO  o.s.w.s.DispatcherServlet - Initializing Servlet 'dispatcher'
2025-09-15 10:56:01 [Catalina-utility-2] INFO  o.s.d.r.c.RepositoryConfigurationDelegate - Bootstrapping Spring Data JPA repositories in DEFAULT mode.
2025-09-15 10:56:01 [Catalina-utility-2] INFO  o.s.d.r.c.RepositoryConfigurationDelegate - Finished Spring Data repository scanning in 93 ms. Found 7 JPA repository interfaces.
2025-09-15 10:56:04 [Catalina-utility-2] INFO  o.s.o.j.LocalContainerEntityManagerFactoryBean - Initialized JPA EntityManagerFactory for persistence unit 'default'
2025-09-15 10:56:06 [Catalina-utility-2] INFO  o.s.s.c.TaskSchedulerRouter - No TaskScheduler/ScheduledExecutorService bean found for scheduled processing
2025-09-15 10:56:06 [Catalina-utility-2] INFO  o.s.w.s.DispatcherServlet - Completed initialization in 5396 ms
2025-09-15 11:11:21 [main] INFO  o.s.w.s.DispatcherServlet - Initializing Servlet 'dispatcher'
2025-09-15 11:11:22 [main] INFO  o.s.d.r.c.RepositoryConfigurationDelegate - Bootstrapping Spring Data JPA repositories in DEFAULT mode.
2025-09-15 11:11:22 [main] INFO  o.s.d.r.c.RepositoryConfigurationDelegate - Finished Spring Data repository scanning in 143 ms. Found 7 JPA repository interfaces.
2025-09-15 11:11:26 [main] INFO  o.s.o.j.LocalContainerEntityManagerFactoryBean - Initialized JPA EntityManagerFactory for persistence unit 'default'
2025-09-15 11:11:28 [main] INFO  o.s.s.c.TaskSchedulerRouter - No TaskScheduler/ScheduledExecutorService bean found for scheduled processing
2025-09-15 11:11:28 [main] INFO  o.s.w.s.DispatcherServlet - Completed initialization in 6861 ms
2025-09-15 11:24:41 [Catalina-utility-1] INFO  o.s.o.j.LocalContainerEntityManagerFactoryBean - Closing JPA EntityManagerFactory for persistence unit 'default'
2025-09-15 11:24:51 [Catalina-utility-1] INFO  o.s.w.s.DispatcherServlet - Initializing Servlet 'dispatcher'
2025-09-15 11:24:52 [Catalina-utility-1] INFO  o.s.d.r.c.RepositoryConfigurationDelegate - Bootstrapping Spring Data JPA repositories in DEFAULT mode.
2025-09-15 11:24:52 [Catalina-utility-1] INFO  o.s.d.r.c.RepositoryConfigurationDelegate - Finished Spring Data repository scanning in 96 ms. Found 7 JPA repository interfaces.
2025-09-15 11:24:55 [Catalina-utility-1] INFO  o.s.o.j.LocalContainerEntityManagerFactoryBean - Initialized JPA EntityManagerFactory for persistence unit 'default'
2025-09-15 11:24:57 [Catalina-utility-1] INFO  o.s.s.c.TaskSchedulerRouter - No TaskScheduler/ScheduledExecutorService bean found for scheduled processing
2025-09-15 11:24:57 [Catalina-utility-1] INFO  o.s.w.s.DispatcherServlet - Completed initialization in 5708 ms
2025-09-15 11:25:42 [Catalina-utility-2] INFO  o.s.o.j.LocalContainerEntityManagerFactoryBean - Closing JPA EntityManagerFactory for persistence unit 'default'
2025-09-15 11:25:52 [Catalina-utility-2] INFO  o.s.w.s.DispatcherServlet - Initializing Servlet 'dispatcher'
2025-09-15 11:25:53 [Catalina-utility-2] INFO  o.s.d.r.c.RepositoryConfigurationDelegate - Bootstrapping Spring Data JPA repositories in DEFAULT mode.
2025-09-15 11:25:53 [Catalina-utility-2] INFO  o.s.d.r.c.RepositoryConfigurationDelegate - Finished Spring Data repository scanning in 90 ms. Found 7 JPA repository interfaces.
2025-09-15 11:25:56 [Catalina-utility-2] INFO  o.s.o.j.LocalContainerEntityManagerFactoryBean - Initialized JPA EntityManagerFactory for persistence unit 'default'
2025-09-15 11:25:58 [Catalina-utility-2] INFO  o.s.s.c.TaskSchedulerRouter - No TaskScheduler/ScheduledExecutorService bean found for scheduled processing
2025-09-15 11:25:58 [Catalina-utility-2] INFO  o.s.w.s.DispatcherServlet - Completed initialization in 5736 ms
2025-09-15 12:32:47 [main] INFO  o.s.w.s.DispatcherServlet - Initializing Servlet 'dispatcher'
2025-09-15 12:32:49 [main] INFO  o.s.d.r.c.RepositoryConfigurationDelegate - Bootstrapping Spring Data JPA repositories in DEFAULT mode.
2025-09-15 12:32:49 [main] INFO  o.s.d.r.c.RepositoryConfigurationDelegate - Finished Spring Data repository scanning in 261 ms. Found 7 JPA repository interfaces.
2025-09-15 12:32:58 [main] INFO  o.s.o.j.LocalContainerEntityManagerFactoryBean - Initialized JPA EntityManagerFactory for persistence unit 'default'
2025-09-15 12:33:01 [main] INFO  o.s.s.c.TaskSchedulerRouter - No TaskScheduler/ScheduledExecutorService bean found for scheduled processing
2025-09-15 12:33:01 [main] INFO  o.s.w.s.DispatcherServlet - Completed initialization in 14398 ms
2025-09-15 12:39:32 [Catalina-utility-2] INFO  o.s.o.j.LocalContainerEntityManagerFactoryBean - Closing JPA EntityManagerFactory for persistence unit 'default'
2025-09-15 12:39:42 [Catalina-utility-2] INFO  o.s.w.s.DispatcherServlet - Initializing Servlet 'dispatcher'
2025-09-15 12:39:43 [Catalina-utility-2] INFO  o.s.d.r.c.RepositoryConfigurationDelegate - Bootstrapping Spring Data JPA repositories in DEFAULT mode.
2025-09-15 12:39:43 [Catalina-utility-2] INFO  o.s.d.r.c.RepositoryConfigurationDelegate - Finished Spring Data repository scanning in 101 ms. Found 7 JPA repository interfaces.
2025-09-15 12:39:46 [Catalina-utility-2] INFO  o.s.o.j.LocalContainerEntityManagerFactoryBean - Initialized JPA EntityManagerFactory for persistence unit 'default'
2025-09-15 12:39:48 [Catalina-utility-2] INFO  o.s.s.c.TaskSchedulerRouter - No TaskScheduler/ScheduledExecutorService bean found for scheduled processing
2025-09-15 12:39:48 [Catalina-utility-2] INFO  o.s.w.s.DispatcherServlet - Completed initialization in 6090 ms
2025-09-15 12:39:59 [Catalina-utility-2] INFO  o.s.o.j.LocalContainerEntityManagerFactoryBean - Closing JPA EntityManagerFactory for persistence unit 'default'
2025-09-15 12:40:09 [Catalina-utility-2] INFO  o.s.w.s.DispatcherServlet - Initializing Servlet 'dispatcher'
2025-09-15 12:40:10 [Catalina-utility-2] INFO  o.s.d.r.c.RepositoryConfigurationDelegate - Bootstrapping Spring Data JPA repositories in DEFAULT mode.
2025-09-15 12:40:10 [Catalina-utility-2] INFO  o.s.d.r.c.RepositoryConfigurationDelegate - Finished Spring Data repository scanning in 86 ms. Found 7 JPA repository interfaces.
2025-09-15 12:40:13 [Catalina-utility-2] INFO  o.s.o.j.LocalContainerEntityManagerFactoryBean - Initialized JPA EntityManagerFactory for persistence unit 'default'
2025-09-15 12:40:15 [Catalina-utility-2] INFO  o.s.s.c.TaskSchedulerRouter - No TaskScheduler/ScheduledExecutorService bean found for scheduled processing
2025-09-15 12:40:15 [Catalina-utility-2] INFO  o.s.w.s.DispatcherServlet - Completed initialization in 5428 ms
2025-09-15 12:44:33 [main] INFO  o.s.w.s.DispatcherServlet - Initializing Servlet 'dispatcher'
2025-09-15 12:44:34 [main] INFO  o.s.d.r.c.RepositoryConfigurationDelegate - Bootstrapping Spring Data JPA repositories in DEFAULT mode.
2025-09-15 12:44:34 [main] INFO  o.s.d.r.c.RepositoryConfigurationDelegate - Finished Spring Data repository scanning in 142 ms. Found 7 JPA repository interfaces.
2025-09-15 12:44:38 [main] INFO  o.s.o.j.LocalContainerEntityManagerFactoryBean - Initialized JPA EntityManagerFactory for persistence unit 'default'
2025-09-15 12:44:40 [main] INFO  o.s.s.c.TaskSchedulerRouter - No TaskScheduler/ScheduledExecutorService bean found for scheduled processing
2025-09-15 12:44:40 [main] INFO  o.s.w.s.DispatcherServlet - Completed initialization in 6794 ms
2025-09-15 12:48:07 [Catalina-utility-1] INFO  o.s.o.j.LocalContainerEntityManagerFactoryBean - Closing JPA EntityManagerFactory for persistence unit 'default'
2025-09-15 12:48:17 [Catalina-utility-1] INFO  o.s.w.s.DispatcherServlet - Initializing Servlet 'dispatcher'
2025-09-15 12:48:18 [Catalina-utility-1] INFO  o.s.d.r.c.RepositoryConfigurationDelegate - Bootstrapping Spring Data JPA repositories in DEFAULT mode.
2025-09-15 12:48:18 [Catalina-utility-1] INFO  o.s.d.r.c.RepositoryConfigurationDelegate - Finished Spring Data repository scanning in 113 ms. Found 7 JPA repository interfaces.
2025-09-15 12:48:21 [Catalina-utility-1] INFO  o.s.o.j.LocalContainerEntityManagerFactoryBean - Initialized JPA EntityManagerFactory for persistence unit 'default'
2025-09-15 12:48:23 [Catalina-utility-1] INFO  o.s.s.c.TaskSchedulerRouter - No TaskScheduler/ScheduledExecutorService bean found for scheduled processing
2025-09-15 12:48:23 [Catalina-utility-1] INFO  o.s.w.s.DispatcherServlet - Completed initialization in 5678 ms
2025-09-15 12:48:50 [Catalina-utility-2] INFO  o.s.o.j.LocalContainerEntityManagerFactoryBean - Closing JPA EntityManagerFactory for persistence unit 'default'
2025-09-15 12:49:01 [Catalina-utility-2] INFO  o.s.w.s.DispatcherServlet - Initializing Servlet 'dispatcher'
2025-09-15 12:49:01 [Catalina-utility-2] INFO  o.s.d.r.c.RepositoryConfigurationDelegate - Bootstrapping Spring Data JPA repositories in DEFAULT mode.
2025-09-15 12:49:01 [Catalina-utility-2] INFO  o.s.d.r.c.RepositoryConfigurationDelegate - Finished Spring Data repository scanning in 82 ms. Found 7 JPA repository interfaces.
2025-09-15 12:49:04 [Catalina-utility-2] INFO  o.s.o.j.LocalContainerEntityManagerFactoryBean - Initialized JPA EntityManagerFactory for persistence unit 'default'
2025-09-15 12:49:06 [Catalina-utility-2] INFO  o.s.s.c.TaskSchedulerRouter - No TaskScheduler/ScheduledExecutorService bean found for scheduled processing
2025-09-15 12:49:06 [Catalina-utility-2] INFO  o.s.w.s.DispatcherServlet - Completed initialization in 5614 ms
2025-09-15 12:49:48 [Catalina-utility-1] INFO  o.s.o.j.LocalContainerEntityManagerFactoryBean - Closing JPA EntityManagerFactory for persistence unit 'default'
2025-09-15 12:49:59 [Catalina-utility-1] INFO  o.s.w.s.DispatcherServlet - Initializing Servlet 'dispatcher'
2025-09-15 12:49:59 [Catalina-utility-1] INFO  o.s.d.r.c.RepositoryConfigurationDelegate - Bootstrapping Spring Data JPA repositories in DEFAULT mode.
2025-09-15 12:50:00 [Catalina-utility-1] INFO  o.s.d.r.c.RepositoryConfigurationDelegate - Finished Spring Data repository scanning in 95 ms. Found 7 JPA repository interfaces.
2025-09-15 12:50:03 [Catalina-utility-1] INFO  o.s.o.j.LocalContainerEntityManagerFactoryBean - Initialized JPA EntityManagerFactory for persistence unit 'default'
2025-09-15 12:50:05 [Catalina-utility-1] INFO  o.s.s.c.TaskSchedulerRouter - No TaskScheduler/ScheduledExecutorService bean found for scheduled processing
2025-09-15 12:50:05 [Catalina-utility-1] INFO  o.s.w.s.DispatcherServlet - Completed initialization in 5763 ms
2025-09-15 12:51:21 [http-nio-8080-exec-15] WARN  o.s.w.s.m.s.DefaultHandlerExceptionResolver - Resolved [org.springframework.web.method.annotation.MethodArgumentTypeMismatchException: Failed to convert value of type 'java.lang.String' to required type 'java.time.LocalDateTime'; Failed to convert from type [java.lang.String] to type [@org.springframework.web.bind.annotation.RequestParam @org.springframework.format.annotation.DateTimeFormat java.time.LocalDateTime] for value [2025-09-31T23:59:59]]
2025-09-15 12:52:07 [http-nio-8080-exec-17] WARN  o.s.w.s.m.s.DefaultHandlerExceptionResolver - Resolved [org.springframework.web.method.annotation.MethodArgumentTypeMismatchException: Failed to convert value of type 'java.lang.String' to required type 'java.time.LocalDateTime'; Failed to convert from type [java.lang.String] to type [@org.springframework.web.bind.annotation.RequestParam @org.springframework.format.annotation.DateTimeFormat java.time.LocalDateTime] for value [2025-09-31T23:59:59]]
2025-09-15 14:28:19 [main] INFO  o.s.w.s.DispatcherServlet - Initializing Servlet 'dispatcher'
2025-09-15 14:28:21 [main] INFO  o.s.d.r.c.RepositoryConfigurationDelegate - Bootstrapping Spring Data JPA repositories in DEFAULT mode.
2025-09-15 14:28:21 [main] INFO  o.s.d.r.c.RepositoryConfigurationDelegate - Finished Spring Data repository scanning in 226 ms. Found 7 JPA repository interfaces.
2025-09-15 14:28:29 [main] INFO  o.s.o.j.LocalContainerEntityManagerFactoryBean - Initialized JPA EntityManagerFactory for persistence unit 'default'
2025-09-15 14:28:33 [main] INFO  o.s.s.c.TaskSchedulerRouter - No TaskScheduler/ScheduledExecutorService bean found for scheduled processing
2025-09-15 14:28:33 [main] INFO  o.s.w.s.DispatcherServlet - Completed initialization in 14174 ms
2025-09-15 14:28:46 [Catalina-utility-2] INFO  o.s.o.j.LocalContainerEntityManagerFactoryBean - Closing JPA EntityManagerFactory for persistence unit 'default'
2025-09-15 14:29:10 [Catalina-utility-2] INFO  o.s.w.s.DispatcherServlet - Initializing Servlet 'dispatcher'
2025-09-15 14:29:12 [Catalina-utility-2] INFO  o.s.d.r.c.RepositoryConfigurationDelegate - Bootstrapping Spring Data JPA repositories in DEFAULT mode.
2025-09-15 14:29:12 [Catalina-utility-2] INFO  o.s.d.r.c.RepositoryConfigurationDelegate - Finished Spring Data repository scanning in 175 ms. Found 7 JPA repository interfaces.
2025-09-15 14:29:18 [Catalina-utility-2] INFO  o.s.o.j.LocalContainerEntityManagerFactoryBean - Initialized JPA EntityManagerFactory for persistence unit 'default'
2025-09-15 14:29:21 [Catalina-utility-2] INFO  o.s.s.c.TaskSchedulerRouter - No TaskScheduler/ScheduledExecutorService bean found for scheduled processing
2025-09-15 14:29:21 [Catalina-utility-2] INFO  o.s.w.s.DispatcherServlet - Completed initialization in 10859 ms
2025-09-15 14:33:30 [Catalina-utility-2] INFO  o.s.o.j.LocalContainerEntityManagerFactoryBean - Closing JPA EntityManagerFactory for persistence unit 'default'
2025-09-15 14:33:44 [Catalina-utility-2] INFO  o.s.w.s.DispatcherServlet - Initializing Servlet 'dispatcher'
2025-09-15 14:33:45 [Catalina-utility-2] INFO  o.s.d.r.c.RepositoryConfigurationDelegate - Bootstrapping Spring Data JPA repositories in DEFAULT mode.
2025-09-15 14:33:45 [Catalina-utility-2] INFO  o.s.d.r.c.RepositoryConfigurationDelegate - Finished Spring Data repository scanning in 87 ms. Found 7 JPA repository interfaces.
2025-09-15 14:33:49 [Catalina-utility-2] INFO  o.s.o.j.LocalContainerEntityManagerFactoryBean - Initialized JPA EntityManagerFactory for persistence unit 'default'
2025-09-15 14:33:50 [Catalina-utility-2] INFO  o.s.s.c.TaskSchedulerRouter - No TaskScheduler/ScheduledExecutorService bean found for scheduled processing
2025-09-15 14:33:50 [Catalina-utility-2] INFO  o.s.w.s.DispatcherServlet - Completed initialization in 5866 ms
2025-09-15 14:35:21 [Catalina-utility-1] INFO  o.s.o.j.LocalContainerEntityManagerFactoryBean - Closing JPA EntityManagerFactory for persistence unit 'default'
2025-09-15 14:35:32 [Catalina-utility-1] INFO  o.s.w.s.DispatcherServlet - Initializing Servlet 'dispatcher'
2025-09-15 14:35:33 [Catalina-utility-1] INFO  o.s.d.r.c.RepositoryConfigurationDelegate - Bootstrapping Spring Data JPA repositories in DEFAULT mode.
2025-09-15 14:35:33 [Catalina-utility-1] INFO  o.s.d.r.c.RepositoryConfigurationDelegate - Finished Spring Data repository scanning in 102 ms. Found 7 JPA repository interfaces.
2025-09-15 14:35:36 [Catalina-utility-1] INFO  o.s.o.j.LocalContainerEntityManagerFactoryBean - Initialized JPA EntityManagerFactory for persistence unit 'default'
2025-09-15 14:35:38 [Catalina-utility-1] INFO  o.s.s.c.TaskSchedulerRouter - No TaskScheduler/ScheduledExecutorService bean found for scheduled processing
2025-09-15 14:35:38 [Catalina-utility-1] INFO  o.s.w.s.DispatcherServlet - Completed initialization in 6251 ms
2025-09-15 14:38:14 [Catalina-utility-2] INFO  o.s.o.j.LocalContainerEntityManagerFactoryBean - Closing JPA EntityManagerFactory for persistence unit 'default'
2025-09-15 14:38:24 [Catalina-utility-2] INFO  o.s.w.s.DispatcherServlet - Initializing Servlet 'dispatcher'
2025-09-15 14:38:25 [Catalina-utility-2] INFO  o.s.d.r.c.RepositoryConfigurationDelegate - Bootstrapping Spring Data JPA repositories in DEFAULT mode.
2025-09-15 14:38:25 [Catalina-utility-2] INFO  o.s.d.r.c.RepositoryConfigurationDelegate - Finished Spring Data repository scanning in 110 ms. Found 7 JPA repository interfaces.
2025-09-15 14:38:28 [Catalina-utility-2] INFO  o.s.o.j.LocalContainerEntityManagerFactoryBean - Initialized JPA EntityManagerFactory for persistence unit 'default'
2025-09-15 14:38:30 [Catalina-utility-2] INFO  o.s.s.c.TaskSchedulerRouter - No TaskScheduler/ScheduledExecutorService bean found for scheduled processing
2025-09-15 14:38:30 [Catalina-utility-2] INFO  o.s.w.s.DispatcherServlet - Completed initialization in 5733 ms
2025-09-15 14:42:40 [Catalina-utility-1] INFO  o.s.o.j.LocalContainerEntityManagerFactoryBean - Closing JPA EntityManagerFactory for persistence unit 'default'
2025-09-15 14:53:55 [main] INFO  o.s.w.s.DispatcherServlet - Initializing Servlet 'dispatcher'
2025-09-15 14:53:56 [main] INFO  o.s.d.r.c.RepositoryConfigurationDelegate - Bootstrapping Spring Data JPA repositories in DEFAULT mode.
2025-09-15 14:53:56 [main] INFO  o.s.d.r.c.RepositoryConfigurationDelegate - Finished Spring Data repository scanning in 138 ms. Found 7 JPA repository interfaces.
2025-09-15 14:54:00 [main] INFO  o.s.o.j.LocalContainerEntityManagerFactoryBean - Initialized JPA EntityManagerFactory for persistence unit 'default'
2025-09-15 14:54:02 [main] INFO  o.s.s.c.TaskSchedulerRouter - No TaskScheduler/ScheduledExecutorService bean found for scheduled processing
2025-09-15 14:54:02 [main] INFO  o.s.w.s.DispatcherServlet - Completed initialization in 6928 ms
2025-09-15 15:37:13 [Catalina-utility-1] INFO  o.s.o.j.LocalContainerEntityManagerFactoryBean - Closing JPA EntityManagerFactory for persistence unit 'default'
2025-09-15 15:37:24 [Catalina-utility-1] INFO  o.s.w.s.DispatcherServlet - Initializing Servlet 'dispatcher'
2025-09-15 15:37:24 [Catalina-utility-1] INFO  o.s.d.r.c.RepositoryConfigurationDelegate - Bootstrapping Spring Data JPA repositories in DEFAULT mode.
2025-09-15 15:37:25 [Catalina-utility-1] INFO  o.s.d.r.c.RepositoryConfigurationDelegate - Finished Spring Data repository scanning in 110 ms. Found 7 JPA repository interfaces.
2025-09-15 15:37:28 [Catalina-utility-1] INFO  o.s.o.j.LocalContainerEntityManagerFactoryBean - Initialized JPA EntityManagerFactory for persistence unit 'default'
2025-09-15 15:37:30 [Catalina-utility-1] INFO  o.s.s.c.TaskSchedulerRouter - No TaskScheduler/ScheduledExecutorService bean found for scheduled processing
2025-09-15 15:37:30 [Catalina-utility-1] INFO  o.s.w.s.DispatcherServlet - Completed initialization in 5850 ms
2025-09-15 15:37:42 [Catalina-utility-1] INFO  o.s.o.j.LocalContainerEntityManagerFactoryBean - Closing JPA EntityManagerFactory for persistence unit 'default'
2025-09-15 15:37:51 [Catalina-utility-1] INFO  o.s.w.s.DispatcherServlet - Initializing Servlet 'dispatcher'
2025-09-15 15:37:52 [Catalina-utility-1] INFO  o.s.d.r.c.RepositoryConfigurationDelegate - Bootstrapping Spring Data JPA repositories in DEFAULT mode.
2025-09-15 15:37:52 [Catalina-utility-1] INFO  o.s.d.r.c.RepositoryConfigurationDelegate - Finished Spring Data repository scanning in 82 ms. Found 7 JPA repository interfaces.
2025-09-15 15:37:55 [Catalina-utility-1] INFO  o.s.o.j.LocalContainerEntityManagerFactoryBean - Initialized JPA EntityManagerFactory for persistence unit 'default'
2025-09-15 15:37:57 [Catalina-utility-1] INFO  o.s.s.c.TaskSchedulerRouter - No TaskScheduler/ScheduledExecutorService bean found for scheduled processing
2025-09-15 15:37:57 [Catalina-utility-1] INFO  o.s.w.s.DispatcherServlet - Completed initialization in 5536 ms
2025-09-15 15:40:21 [Catalina-utility-2] INFO  o.s.o.j.LocalContainerEntityManagerFactoryBean - Closing JPA EntityManagerFactory for persistence unit 'default'
2025-09-15 15:40:32 [Catalina-utility-2] INFO  o.s.w.s.DispatcherServlet - Initializing Servlet 'dispatcher'
2025-09-15 15:40:33 [Catalina-utility-2] INFO  o.s.d.r.c.RepositoryConfigurationDelegate - Bootstrapping Spring Data JPA repositories in DEFAULT mode.
2025-09-15 15:40:33 [Catalina-utility-2] INFO  o.s.d.r.c.RepositoryConfigurationDelegate - Finished Spring Data repository scanning in 90 ms. Found 7 JPA repository interfaces.
2025-09-15 15:40:36 [Catalina-utility-2] INFO  o.s.o.j.LocalContainerEntityManagerFactoryBean - Initialized JPA EntityManagerFactory for persistence unit 'default'
2025-09-15 15:40:38 [Catalina-utility-2] INFO  o.s.s.c.TaskSchedulerRouter - No TaskScheduler/ScheduledExecutorService bean found for scheduled processing
2025-09-15 15:40:38 [Catalina-utility-2] INFO  o.s.w.s.DispatcherServlet - Completed initialization in 5813 ms
2025-09-15 15:41:25 [Catalina-utility-1] INFO  o.s.o.j.LocalContainerEntityManagerFactoryBean - Closing JPA EntityManagerFactory for persistence unit 'default'
2025-09-15 15:41:37 [Catalina-utility-1] INFO  o.s.w.s.DispatcherServlet - Initializing Servlet 'dispatcher'
2025-09-15 15:41:38 [Catalina-utility-1] INFO  o.s.d.r.c.RepositoryConfigurationDelegate - Bootstrapping Spring Data JPA repositories in DEFAULT mode.
2025-09-15 15:41:38 [Catalina-utility-1] INFO  o.s.d.r.c.RepositoryConfigurationDelegate - Finished Spring Data repository scanning in 221 ms. Found 7 JPA repository interfaces.
2025-09-15 15:41:44 [Catalina-utility-1] INFO  o.s.o.j.LocalContainerEntityManagerFactoryBean - Initialized JPA EntityManagerFactory for persistence unit 'default'
2025-09-15 15:41:45 [Catalina-utility-1] INFO  o.s.s.c.TaskSchedulerRouter - No TaskScheduler/ScheduledExecutorService bean found for scheduled processing
2025-09-15 15:41:45 [Catalina-utility-1] INFO  o.s.w.s.DispatcherServlet - Completed initialization in 8275 ms
2025-09-15 15:44:57 [Catalina-utility-2] INFO  o.s.o.j.LocalContainerEntityManagerFactoryBean - Closing JPA EntityManagerFactory for persistence unit 'default'
2025-09-15 15:45:07 [Catalina-utility-2] INFO  o.s.w.s.DispatcherServlet - Initializing Servlet 'dispatcher'
2025-09-15 15:45:07 [Catalina-utility-2] INFO  o.s.d.r.c.RepositoryConfigurationDelegate - Bootstrapping Spring Data JPA repositories in DEFAULT mode.
2025-09-15 15:45:07 [Catalina-utility-2] INFO  o.s.d.r.c.RepositoryConfigurationDelegate - Finished Spring Data repository scanning in 76 ms. Found 7 JPA repository interfaces.
2025-09-15 15:45:10 [Catalina-utility-2] INFO  o.s.o.j.LocalContainerEntityManagerFactoryBean - Initialized JPA EntityManagerFactory for persistence unit 'default'
2025-09-15 15:45:12 [Catalina-utility-2] INFO  o.s.s.c.TaskSchedulerRouter - No TaskScheduler/ScheduledExecutorService bean found for scheduled processing
2025-09-15 15:45:12 [Catalina-utility-2] INFO  o.s.w.s.DispatcherServlet - Completed initialization in 5622 ms
2025-09-15 15:46:42 [Catalina-utility-2] INFO  o.s.o.j.LocalContainerEntityManagerFactoryBean - Closing JPA EntityManagerFactory for persistence unit 'default'
2025-09-15 15:46:52 [Catalina-utility-2] INFO  o.s.w.s.DispatcherServlet - Initializing Servlet 'dispatcher'
2025-09-15 15:46:53 [Catalina-utility-2] INFO  o.s.d.r.c.RepositoryConfigurationDelegate - Bootstrapping Spring Data JPA repositories in DEFAULT mode.
2025-09-15 15:46:53 [Catalina-utility-2] INFO  o.s.d.r.c.RepositoryConfigurationDelegate - Finished Spring Data repository scanning in 87 ms. Found 7 JPA repository interfaces.
2025-09-15 15:46:56 [Catalina-utility-2] INFO  o.s.o.j.LocalContainerEntityManagerFactoryBean - Initialized JPA EntityManagerFactory for persistence unit 'default'
2025-09-15 15:46:58 [Catalina-utility-2] INFO  o.s.s.c.TaskSchedulerRouter - No TaskScheduler/ScheduledExecutorService bean found for scheduled processing
2025-09-15 15:46:58 [Catalina-utility-2] INFO  o.s.w.s.DispatcherServlet - Completed initialization in 5597 ms
2025-09-15 15:53:00 [Catalina-utility-2] INFO  o.s.o.j.LocalContainerEntityManagerFactoryBean - Closing JPA EntityManagerFactory for persistence unit 'default'
2025-09-15 15:53:10 [Catalina-utility-2] INFO  o.s.w.s.DispatcherServlet - Initializing Servlet 'dispatcher'
2025-09-15 15:53:10 [Catalina-utility-2] INFO  o.s.d.r.c.RepositoryConfigurationDelegate - Bootstrapping Spring Data JPA repositories in DEFAULT mode.
2025-09-15 15:53:10 [Catalina-utility-2] INFO  o.s.d.r.c.RepositoryConfigurationDelegate - Finished Spring Data repository scanning in 83 ms. Found 7 JPA repository interfaces.
2025-09-15 15:53:13 [Catalina-utility-2] INFO  o.s.o.j.LocalContainerEntityManagerFactoryBean - Initialized JPA EntityManagerFactory for persistence unit 'default'
2025-09-15 15:53:15 [Catalina-utility-2] INFO  o.s.s.c.TaskSchedulerRouter - No TaskScheduler/ScheduledExecutorService bean found for scheduled processing
2025-09-15 15:53:15 [Catalina-utility-2] INFO  o.s.w.s.DispatcherServlet - Completed initialization in 5677 ms
2025-09-15 15:56:53 [main] INFO  o.s.w.s.DispatcherServlet - Initializing Servlet 'dispatcher'
2025-09-15 15:56:53 [main] INFO  o.s.d.r.c.RepositoryConfigurationDelegate - Bootstrapping Spring Data JPA repositories in DEFAULT mode.
2025-09-15 15:56:54 [main] INFO  o.s.d.r.c.RepositoryConfigurationDelegate - Finished Spring Data repository scanning in 139 ms. Found 7 JPA repository interfaces.
2025-09-15 15:56:58 [main] INFO  o.s.o.j.LocalContainerEntityManagerFactoryBean - Initialized JPA EntityManagerFactory for persistence unit 'default'
2025-09-15 15:57:00 [main] INFO  o.s.s.c.TaskSchedulerRouter - No TaskScheduler/ScheduledExecutorService bean found for scheduled processing
2025-09-15 15:57:00 [main] INFO  o.s.w.s.DispatcherServlet - Completed initialization in 6972 ms
2025-09-15 15:57:51 [main] INFO  o.s.w.s.DispatcherServlet - Initializing Servlet 'dispatcher'
2025-09-15 15:57:52 [main] INFO  o.s.d.r.c.RepositoryConfigurationDelegate - Bootstrapping Spring Data JPA repositories in DEFAULT mode.
2025-09-15 15:57:52 [main] INFO  o.s.d.r.c.RepositoryConfigurationDelegate - Finished Spring Data repository scanning in 136 ms. Found 7 JPA repository interfaces.
2025-09-15 15:57:57 [main] INFO  o.s.o.j.LocalContainerEntityManagerFactoryBean - Initialized JPA EntityManagerFactory for persistence unit 'default'
2025-09-15 15:57:59 [main] INFO  o.s.s.c.TaskSchedulerRouter - No TaskScheduler/ScheduledExecutorService bean found for scheduled processing
2025-09-15 15:57:59 [main] INFO  o.s.w.s.DispatcherServlet - Completed initialization in 7582 ms
2025-09-15 16:07:53 [Catalina-utility-2] INFO  o.s.o.j.LocalContainerEntityManagerFactoryBean - Closing JPA EntityManagerFactory for persistence unit 'default'
2025-09-15 16:08:03 [Catalina-utility-2] INFO  o.s.w.s.DispatcherServlet - Initializing Servlet 'dispatcher'
2025-09-15 16:08:03 [Catalina-utility-2] INFO  o.s.d.r.c.RepositoryConfigurationDelegate - Bootstrapping Spring Data JPA repositories in DEFAULT mode.
2025-09-15 16:08:03 [Catalina-utility-2] INFO  o.s.d.r.c.RepositoryConfigurationDelegate - Finished Spring Data repository scanning in 99 ms. Found 7 JPA repository interfaces.
2025-09-15 16:08:07 [Catalina-utility-2] INFO  o.s.o.j.LocalContainerEntityManagerFactoryBean - Initialized JPA EntityManagerFactory for persistence unit 'default'
2025-09-15 16:08:08 [Catalina-utility-2] INFO  o.s.s.c.TaskSchedulerRouter - No TaskScheduler/ScheduledExecutorService bean found for scheduled processing
2025-09-15 16:08:08 [Catalina-utility-2] INFO  o.s.w.s.DispatcherServlet - Completed initialization in 5491 ms
2025-09-15 16:31:42 [main] INFO  o.s.w.s.DispatcherServlet - Initializing Servlet 'dispatcher'
2025-09-15 16:31:43 [main] INFO  o.s.d.r.c.RepositoryConfigurationDelegate - Bootstrapping Spring Data JPA repositories in DEFAULT mode.
2025-09-15 16:31:44 [main] INFO  o.s.d.r.c.RepositoryConfigurationDelegate - Finished Spring Data repository scanning in 226 ms. Found 7 JPA repository interfaces.
2025-09-15 16:31:50 [main] INFO  o.s.o.j.LocalContainerEntityManagerFactoryBean - Initialized JPA EntityManagerFactory for persistence unit 'default'
2025-09-15 16:31:54 [main] INFO  o.s.s.c.TaskSchedulerRouter - No TaskScheduler/ScheduledExecutorService bean found for scheduled processing
2025-09-15 16:31:54 [main] INFO  o.s.w.s.DispatcherServlet - Completed initialization in 11811 ms
2025-09-15 16:32:05 [Catalina-utility-2] INFO  o.s.o.j.LocalContainerEntityManagerFactoryBean - Closing JPA EntityManagerFactory for persistence unit 'default'
2025-09-15 16:32:23 [Catalina-utility-2] INFO  o.s.w.s.DispatcherServlet - Initializing Servlet 'dispatcher'
2025-09-15 16:32:24 [Catalina-utility-2] INFO  o.s.d.r.c.RepositoryConfigurationDelegate - Bootstrapping Spring Data JPA repositories in DEFAULT mode.
2025-09-15 16:32:24 [Catalina-utility-2] INFO  o.s.d.r.c.RepositoryConfigurationDelegate - Finished Spring Data repository scanning in 168 ms. Found 7 JPA repository interfaces.
2025-09-15 16:32:29 [Catalina-utility-2] INFO  o.s.o.j.LocalContainerEntityManagerFactoryBean - Initialized JPA EntityManagerFactory for persistence unit 'default'
2025-09-15 16:32:32 [Catalina-utility-2] INFO  o.s.s.c.TaskSchedulerRouter - No TaskScheduler/ScheduledExecutorService bean found for scheduled processing
2025-09-15 16:32:32 [Catalina-utility-2] INFO  o.s.w.s.DispatcherServlet - Completed initialization in 9242 ms
